<?xml version="1.0" encoding="UTF-8"?>
<!-- Generated by org.testng.reporters.JUnitReportReporter -->
<testsuite skipped="0" hostname="DESKTOP-URR3LUO" name="mt.mstr.modules.Launch" tests="1" failures="0" timestamp="20 Oct 2019 18:48:24 GMT" time="9.482" errors="0">
  <testcase name="executeLaunch" time="9.482" classname="mt.mstr.modules.Launch"/>
</testsuite> <!-- mt.mstr.modules.Launch -->
