<?xml version="1.0" encoding="UTF-8"?>
<!-- Generated by org.testng.reporters.JUnitReportReporter -->
<testsuite skipped="0" hostname="DESKTOP-URR3LUO" name="mt.mstr.modules.Login" tests="2" failures="0" timestamp="20 Oct 2019 18:48:24 GMT" time="11.566" errors="0">
  <testcase name="loginwithValidDetails" time="7.518" classname="mt.mstr.modules.Login"/>
  <testcase name="loginwithInValidDetails" time="4.048" classname="mt.mstr.modules.Login"/>
</testsuite> <!-- mt.mstr.modules.Login -->
