<?xml version="1.0" encoding="UTF-8"?>
<!-- Generated by org.testng.reporters.JUnitReportReporter -->
<testsuite skipped="0" hostname="DESKTOP-URR3LUO" name="mt.mstr.modules.Launch" tests="1" failures="0" timestamp="19 Nov 2019 11:56:23 GMT" time="7.646" errors="0">
  <testcase name="executeLaunch" time="7.646" classname="mt.mstr.modules.Launch"/>
</testsuite> <!-- mt.mstr.modules.Launch -->
