<?xml version="1.0" encoding="UTF-8"?>
<!-- Generated by org.testng.reporters.JUnitReportReporter -->
<testsuite skipped="0" hostname="DESKTOP-URR3LUO" name="mt.mstr.modules.Login" tests="2" failures="0" timestamp="19 Nov 2019 11:56:23 GMT" time="10.458" errors="0">
  <testcase name="loginwithValidDetails" time="6.241" classname="mt.mstr.modules.Login"/>
  <testcase name="loginwithInValidDetails" time="4.217" classname="mt.mstr.modules.Login"/>
</testsuite> <!-- mt.mstr.modules.Login -->
